[0502/140134.267:ERROR:process_memory_win.cc(73)] ReadMemory at 0x7ff7452b0000 of 64 bytes failed: Only part of a ReadProcessMemory or WriteProcessMemory request was completed. (0x12B)
[0502/140134.269:WARNING:pe_image_reader.cc(340)] could not read dos header from C:\Program Files (x86)\Google\Chrome\Application\chrome.exe
[0502/140134.269:ERROR:process_memory_win.cc(73)] ReadMemory at 0x7fff27b20000 of 64 bytes failed: Only part of a ReadProcessMemory or WriteProcessMemory request was completed. (0x12B)
[0502/140134.269:WARNING:pe_image_reader.cc(340)] could not read dos header from C:\WINDOWS\SYSTEM32\ntdll.dll
[0502/140134.269:ERROR:process_memory_win.cc(73)] ReadMemory at 0x7fff270e0000 of 64 bytes failed: Only part of a ReadProcessMemory or WriteProcessMemory request was completed. (0x12B)
[0502/140134.269:WARNING:pe_image_reader.cc(340)] could not read dos header from C:\WINDOWS\system32\KERNEL32.DLL
[0502/140134.269:ERROR:process_memory_win.cc(73)] ReadMemory at 0x7fff24f60000 of 64 bytes failed: Only part of a ReadProcessMemory or WriteProcessMemory request was completed. (0x12B)
[0502/140134.269:WARNING:pe_image_reader.cc(340)] could not read dos header from C:\WINDOWS\system32\KERNELBASE.dll
[0502/140134.269:ERROR:process_memory_win.cc(73)] ReadMemory at 0x7fff07ad0000 of 64 bytes failed: Only part of a ReadProcessMemory or WriteProcessMemory request was completed. (0x12B)
[0502/140134.269:WARNING:pe_image_reader.cc(340)] could not read dos header from C:\Program Files (x86)\Google\Chrome\Application\74.0.3729.108\chrome_elf.dll
[0502/140134.269:ERROR:process_memory_win.cc(73)] ReadMemory at 0x7fff25ba0000 of 64 bytes failed: Only part of a ReadProcessMemory or WriteProcessMemory request was completed. (0x12B)
[0502/140134.269:WARNING:pe_image_reader.cc(340)] could not read dos header from C:\WINDOWS\system32\SHELL32.dll
[0502/140134.270:ERROR:process_memory_win.cc(73)] ReadMemory at 0x7fff251b0000 of 64 bytes failed: Only part of a ReadProcessMemory or WriteProcessMemory request was completed. (0x12B)
[0502/140134.270:WARNING:pe_image_reader.cc(340)] could not read dos header from C:\WINDOWS\system32\ADVAPI32.dll
[0502/140134.270:ERROR:process_memory_win.cc(73)] ReadMemory at 0x7fff25790000 of 64 bytes failed: Only part of a ReadProcessMemory or WriteProcessMemory request was completed. (0x12B)
[0502/140134.270:WARNING:pe_image_reader.cc(340)] could not read dos header from C:\WINDOWS\system32\USER32.dll
[0502/140134.270:ERROR:process_memory_win.cc(73)] ReadMemory at 0x7fff1e580000 of 64 bytes failed: Only part of a ReadProcessMemory or WriteProcessMemory request was completed. (0x12B)
[0502/140134.270:WARNING:pe_image_reader.cc(340)] could not read dos header from C:\WINDOWS\SYSTEM32\VERSION.dll
[0502/140134.270:ERROR:process_memory_win.cc(73)] ReadMemory at 0x34d8cb0000 of 64 bytes failed: Only part of a ReadProcessMemory or WriteProcessMemory request was completed. (0x12B)
[0502/140134.270:WARNING:pe_image_reader.cc(340)] could not read dos header from C:\WINDOWS\system32\SHLWAPI.dll
[0502/140134.270:ERROR:process_memory_win.cc(73)] ReadMemory at 0x7fff1b4c0000 of 64 bytes failed: Only part of a ReadProcessMemory or WriteProcessMemory request was completed. (0x12B)
[0502/140134.270:WARNING:pe_image_reader.cc(340)] could not read dos header from C:\WINDOWS\SYSTEM32\WINMM.dll
[0502/140134.270:ERROR:process_memory_win.cc(73)] ReadMemory at 0x7fff24270000 of 64 bytes failed: Only part of a ReadProcessMemory or WriteProcessMemory request was completed. (0x12B)
[0502/140134.270:WARNING:pe_image_reader.cc(340)] could not read dos header from C:\WINDOWS\SYSTEM32\USERENV.dll
[0502/140134.270:ERROR:process_memory_win.cc(73)] ReadMemory at 0x7fff252a0000 of 64 bytes failed: Only part of a ReadProcessMemory or WriteProcessMemory request was completed. (0x12B)
[0502/140134.270:WARNING:pe_image_reader.cc(340)] could not read dos header from C:\WINDOWS\system32\msvcrt.dll
[0502/140134.270:ERROR:process_memory_win.cc(73)] ReadMemory at 0x7fff275e0000 of 64 bytes failed: Only part of a ReadProcessMemory or WriteProcessMemory request was completed. (0x12B)
[0502/140134.270:WARNING:pe_image_reader.cc(340)] could not read dos header from C:\WINDOWS\SYSTEM32\combase.dll
[0502/140134.270:ERROR:process_memory_win.cc(73)] ReadMemory at 0x7fff25970000 of 64 bytes failed: Only part of a ReadProcessMemory or WriteProcessMemory request was completed. (0x12B)
[0502/140134.270:WARNING:pe_image_reader.cc(340)] could not read dos header from C:\WINDOWS\system32\GDI32.dll
[0502/140134.270:ERROR:process_memory_win.cc(73)] ReadMemory at 0x7fff25350000 of 64 bytes failed: Only part of a ReadProcessMemory or WriteProcessMemory request was completed. (0x12B)
[0502/140134.271:WARNING:pe_image_reader.cc(340)] could not read dos header from C:\WINDOWS\SYSTEM32\sechost.dll
[0502/140134.271:ERROR:process_memory_win.cc(73)] ReadMemory at 0x7fff25650000 of 64 bytes failed: Only part of a ReadProcessMemory or WriteProcessMemory request was completed. (0x12B)
[0502/140134.271:WARNING:pe_image_reader.cc(340)] could not read dos header from C:\WINDOWS\system32\RPCRT4.dll
[0502/140134.271:ERROR:process_memory_win.cc(73)] ReadMemory at 0x7fff1b440000 of 64 bytes failed: Only part of a ReadProcessMemory or WriteProcessMemory request was completed. (0x12B)
[0502/140134.271:WARNING:pe_image_reader.cc(340)] could not read dos header from C:\WINDOWS\SYSTEM32\WINMMBASE.dll
[0502/140134.271:ERROR:process_memory_win.cc(73)] ReadMemory at 0x7fff24c50000 of 64 bytes failed: Only part of a ReadProcessMemory or WriteProcessMemory request was completed. (0x12B)
[0502/140134.271:WARNING:pe_image_reader.cc(340)] could not read dos header from C:\WINDOWS\SYSTEM32\profapi.dll
[0502/140134.271:ERROR:process_memory_win.cc(73)] ReadMemory at 0x7fff25180000 of 64 bytes failed: Only part of a ReadProcessMemory or WriteProcessMemory request was completed. (0x12B)
[0502/140134.271:WARNING:pe_image_reader.cc(340)] could not read dos header from C:\WINDOWS\system32\SspiCli.dll
[0502/140134.271:ERROR:process_memory_win.cc(73)] ReadMemory at 0x7fff25130000 of 64 bytes failed: Only part of a ReadProcessMemory or WriteProcessMemory request was completed. (0x12B)
[0502/140134.271:WARNING:pe_image_reader.cc(340)] could not read dos header from C:\WINDOWS\SYSTEM32\cfgmgr32.dll
[0502/140134.271:ERROR:process_memory_win.cc(73)] ReadMemory at 0x7fff23a70000 of 64 bytes failed: Only part of a ReadProcessMemory or WriteProcessMemory request was completed. (0x12B)
[0502/140134.271:WARNING:pe_image_reader.cc(340)] could not read dos header from C:\WINDOWS\SYSTEM32\DEVOBJ.dll
[0502/140134.271:ERROR:process_memory_win.cc(73)] ReadMemory at 0x7fff24b90000 of 64 bytes failed: Only part of a ReadProcessMemory or WriteProcessMemory request was completed. (0x12B)
[0502/140134.271:WARNING:pe_image_reader.cc(340)] could not read dos header from C:\WINDOWS\SYSTEM32\CRYPTBASE.DLL
[0502/140134.271:ERROR:process_memory_win.cc(73)] ReadMemory at 0x7fff24b20000 of 64 bytes failed: Only part of a ReadProcessMemory or WriteProcessMemory request was completed. (0x12B)
[0502/140134.271:WARNING:pe_image_reader.cc(340)] could not read dos header from C:\WINDOWS\SYSTEM32\bcryptPrimitives.dll
[0502/140134.271:ERROR:process_memory_win.cc(73)] ReadMemory at 0x7fff25260000 of 64 bytes failed: Only part of a ReadProcessMemory or WriteProcessMemory request was completed. (0x12B)
[0502/140134.271:WARNING:pe_image_reader.cc(340)] could not read dos header from C:\WINDOWS\system32\IMM32.DLL
[0502/140134.271:ERROR:process_memory_win.cc(73)] ReadMemory at 0x7fff27860000 of 64 bytes failed: Only part of a ReadProcessMemory or WriteProcessMemory request was completed. (0x12B)
[0502/140134.272:WARNING:pe_image_reader.cc(340)] could not read dos header from C:\WINDOWS\system32\MSCTF.dll
[0502/140134.272:ERROR:process_memory_win.cc(73)] ReadMemory at 0x7fff22e80000 of 64 bytes failed: Only part of a ReadProcessMemory or WriteProcessMemory request was completed. (0x12B)
[0502/140134.272:WARNING:pe_image_reader.cc(340)] could not read dos header from C:\WINDOWS\SYSTEM32\shcore.dll
[0502/140134.272:ERROR:process_memory_win.cc(73)] ReadMemory at 0x7ffef9d20000 of 64 bytes failed: Only part of a ReadProcessMemory or WriteProcessMemory request was completed. (0x12B)
[0502/140134.272:WARNING:pe_image_reader.cc(340)] could not read dos header from C:\Program Files (x86)\Google\Chrome\Application\74.0.3729.108\chrome_child.dll
[0502/140134.272:ERROR:process_memory_win.cc(73)] ReadMemory at 0x7fff273e0000 of 64 bytes failed: Only part of a ReadProcessMemory or WriteProcessMemory request was completed. (0x12B)
[0502/140134.272:WARNING:pe_image_reader.cc(340)] could not read dos header from C:\WINDOWS\system32\WS2_32.dll
[0502/140134.272:ERROR:process_memory_win.cc(73)] ReadMemory at 0x7fff20ad0000 of 64 bytes failed: Only part of a ReadProcessMemory or WriteProcessMemory request was completed. (0x12B)
[0502/140134.272:WARNING:pe_image_reader.cc(340)] could not read dos header from C:\WINDOWS\SYSTEM32\IPHLPAPI.DLL
[0502/140134.272:ERROR:process_memory_win.cc(73)] ReadMemory at 0x7fff27440000 of 64 bytes failed: Only part of a ReadProcessMemory or WriteProcessMemory request was completed. (0x12B)
[0502/140134.272:WARNING:pe_image_reader.cc(340)] could not read dos header from C:\WINDOWS\system32\ole32.dll
[0502/140134.272:ERROR:process_memory_win.cc(73)] ReadMemory at 0x7fff25ad0000 of 64 bytes failed: Only part of a ReadProcessMemory or WriteProcessMemory request was completed. (0x12B)
[0502/140134.272:WARNING:pe_image_reader.cc(340)] could not read dos header from C:\WINDOWS\system32\OLEAUT32.dll
[0502/140134.272:ERROR:process_memory_win.cc(73)] ReadMemory at 0x7fff1fdf0000 of 64 bytes failed: Only part of a ReadProcessMemory or WriteProcessMemory request was completed. (0x12B)
[0502/140134.272:WARNING:pe_image_reader.cc(340)] could not read dos header from C:\WINDOWS\SYSTEM32\OLEACC.dll
[0502/140134.272:ERROR:process_memory_win.cc(73)] ReadMemory at 0x7fff1df00000 of 64 bytes failed: Only part of a ReadProcessMemory or WriteProcessMemory request was completed. (0x12B)
[0502/140134.272:WARNING:pe_image_reader.cc(340)] could not read dos header from C:\WINDOWS\SYSTEM32\UIAutomationCore.DLL
[0502/140134.272:ERROR:process_memory_win.cc(73)] ReadMemory at 0x7fff21020000 of 64 bytes failed: Only part of a ReadProcessMemory or WriteProcessMemory request was completed. (0x12B)
[0502/140134.272:WARNING:pe_image_reader.cc(340)] could not read dos header from C:\WINDOWS\SYSTEM32\WTSAPI32.dll
[0502/140134.273:ERROR:process_memory_win.cc(73)] ReadMemory at 0x7fff24d20000 of 64 bytes failed: Only part of a ReadProcessMemory or WriteProcessMemory request was completed. (0x12B)
[0502/140134.273:WARNING:pe_image_reader.cc(340)] could not read dos header from C:\WINDOWS\system32\WINTRUST.dll
[0502/140134.273:ERROR:process_memory_win.cc(73)] ReadMemory at 0x7fff24d80000 of 64 bytes failed: Only part of a ReadProcessMemory or WriteProcessMemory request was completed. (0x12B)
[0502/140134.273:WARNING:pe_image_reader.cc(340)] could not read dos header from C:\WINDOWS\system32\CRYPT32.dll
[0502/140134.273:ERROR:process_memory_win.cc(73)] ReadMemory at 0x7fff1fe60000 of 64 bytes failed: Only part of a ReadProcessMemory or WriteProcessMemory request was completed. (0x12B)
[0502/140134.273:WARNING:pe_image_reader.cc(340)] could not read dos header from C:\WINDOWS\SYSTEM32\DWrite.dll
[0502/140134.273:ERROR:process_memory_win.cc(73)] ReadMemory at 0x7fff22750000 of 64 bytes failed: Only part of a ReadProcessMemory or WriteProcessMemory request was completed. (0x12B)
[0502/140134.273:WARNING:pe_image_reader.cc(340)] could not read dos header from C:\WINDOWS\SYSTEM32\dxgi.dll
[0502/140134.273:ERROR:process_memory_win.cc(73)] ReadMemory at 0x7fff18890000 of 64 bytes failed: Only part of a ReadProcessMemory or WriteProcessMemory request was completed. (0x12B)
[0502/140134.273:WARNING:pe_image_reader.cc(340)] could not read dos header from C:\WINDOWS\SYSTEM32\WINSPOOL.DRV
[0502/140134.273:ERROR:process_memory_win.cc(73)] ReadMemory at 0x7fff12db0000 of 64 bytes failed: Only part of a ReadProcessMemory or WriteProcessMemory request was completed. (0x12B)
[0502/140134.273:WARNING:pe_image_reader.cc(340)] could not read dos header from C:\WINDOWS\SYSTEM32\dbghelp.dll
[0502/140134.273:ERROR:process_memory_win.cc(73)] ReadMemory at 0x7fff253b0000 of 64 bytes failed: Only part of a ReadProcessMemory or WriteProcessMemory request was completed. (0x12B)
[0502/140134.273:WARNING:pe_image_reader.cc(340)] could not read dos header from C:\WINDOWS\system32\COMDLG32.dll
[0502/140134.273:ERROR:process_memory_win.cc(73)] ReadMemory at 0x7fff1eac0000 of 64 bytes failed: Only part of a ReadProcessMemory or WriteProcessMemory request was completed. (0x12B)
[0502/140134.273:WARNING:pe_image_reader.cc(340)] could not read dos header from C:\WINDOWS\SYSTEM32\USP10.dll
[0502/140134.273:ERROR:process_memory_win.cc(73)] ReadMemory at 0x7fff1dac0000 of 64 bytes failed: Only part of a ReadProcessMemory or WriteProcessMemory request was completed. (0x12B)
[0502/140134.273:WARNING:pe_image_reader.cc(340)] could not read dos header from C:\WINDOWS\SYSTEM32\WINHTTP.dll
[0502/140134.273:ERROR:process_memory_win.cc(73)] ReadMemory at 0x7fff1ef70000 of 64 bytes failed: Only part of a ReadProcessMemory or WriteProcessMemory request was completed. (0x12B)
[0502/140134.273:WARNING:pe_image_reader.cc(340)] could not read dos header from C:\WINDOWS\SYSTEM32\urlmon.dll
[0502/140134.273:ERROR:process_memory_win.cc(73)] ReadMemory at 0x7fff1fd30000 of 64 bytes failed: Only part of a ReadProcessMemory or WriteProcessMemory request was completed. (0x12B)
[0502/140134.274:WARNING:pe_image_reader.cc(340)] could not read dos header from C:\WINDOWS\SYSTEM32\Secur32.dll
[0502/140134.274:ERROR:process_memory_win.cc(73)] ReadMemory at 0x7fff20770000 of 64 bytes failed: Only part of a ReadProcessMemory or WriteProcessMemory request was completed. (0x12B)
[0502/140134.274:WARNING:pe_image_reader.cc(340)] could not read dos header from C:\WINDOWS\SYSTEM32\dhcpcsvc.DLL
[0502/140134.274:ERROR:process_memory_win.cc(73)] ReadMemory at 0x7fff27b10000 of 64 bytes failed: Only part of a ReadProcessMemory or WriteProcessMemory request was completed. (0x12B)
[0502/140134.274:WARNING:pe_image_reader.cc(340)] could not read dos header from C:\WINDOWS\system32\NSI.dll
[0502/140134.274:ERROR:process_memory_win.cc(73)] ReadMemory at 0x7fff20ab0000 of 64 bytes failed: Only part of a ReadProcessMemory or WriteProcessMemory request was completed. (0x12B)
[0502/140134.274:WARNING:pe_image_reader.cc(340)] could not read dos header from C:\WINDOWS\SYSTEM32\WINNSI.DLL
[0502/140134.274:ERROR:process_memory_win.cc(73)] ReadMemory at 0x7fff24d00000 of 64 bytes failed: Only part of a ReadProcessMemory or WriteProcessMemory request was completed. (0x12B)
[0502/140134.274:WARNING:pe_image_reader.cc(340)] could not read dos header from C:\WINDOWS\system32\MSASN1.dll
[0502/140134.274:ERROR:process_memory_win.cc(73)] ReadMemory at 0x7fff22430000 of 64 bytes failed: Only part of a ReadProcessMemory or WriteProcessMemory request was completed. (0x12B)
[0502/140134.274:WARNING:pe_image_reader.cc(340)] could not read dos header from C:\WINDOWS\WinSxS\amd64_microsoft.windows.common-controls_6595b64144ccf1df_6.0.9600.19291_none_6248a9f3ecb5e89b\COMCTL32.dll
[0502/140134.274:ERROR:process_memory_win.cc(73)] ReadMemory at 0x7fff1eb80000 of 64 bytes failed: Only part of a ReadProcessMemory or WriteProcessMemory request was completed. (0x12B)
[0502/140134.274:WARNING:pe_image_reader.cc(340)] could not read dos header from C:\WINDOWS\SYSTEM32\iertutil.dll
[0502/140134.274:ERROR:process_memory_win.cc(73)] ReadMemory at 0x7fff1e5f0000 of 64 bytes failed: Only part of a ReadProcessMemory or WriteProcessMemory request was completed. (0x12B)
[0502/140134.274:WARNING:pe_image_reader.cc(340)] could not read dos header from C:\WINDOWS\SYSTEM32\WININET.dll
[0502/140134.312:ERROR:process_memory_win.cc(73)] ReadMemory at 0x34d8a79000 of 94208 bytes failed: Only part of a ReadProcessMemory or WriteProcessMemory request was completed. (0x12B)
[0502/140134.312:ERROR:process_memory_win.cc(73)] ReadMemory at 0x34db0bd000 of 12288 bytes failed: Only part of a ReadProcessMemory or WriteProcessMemory request was completed. (0x12B)
[0502/140134.313:ERROR:process_memory_win.cc(73)] ReadMemory at 0x34db4bd000 of 12288 bytes failed: Only part of a ReadProcessMemory or WriteProcessMemory request was completed. (0x12B)
[0502/140134.313:ERROR:process_memory_win.cc(73)] ReadMemory at 0x34db6bc000 of 16384 bytes failed: Only part of a ReadProcessMemory or WriteProcessMemory request was completed. (0x12B)
[0502/140134.313:ERROR:process_memory_win.cc(73)] ReadMemory at 0x34db8be000 of 8192 bytes failed: Only part of a ReadProcessMemory or WriteProcessMemory request was completed. (0x12B)
[0502/140134.313:ERROR:process_memory_win.cc(73)] ReadMemory at 0x34dbabc000 of 16384 bytes failed: Only part of a ReadProcessMemory or WriteProcessMemory request was completed. (0x12B)
[0502/140134.313:ERROR:process_memory_win.cc(73)] ReadMemory at 0x34dbebb000 of 20480 bytes failed: Only part of a ReadProcessMemory or WriteProcessMemory request was completed. (0x12B)
[0502/140134.313:ERROR:process_memory_win.cc(73)] ReadMemory at 0x34dc0b9000 of 28672 bytes failed: Only part of a ReadProcessMemory or WriteProcessMemory request was completed. (0x12B)
[0502/140134.313:ERROR:process_memory_win.cc(73)] ReadMemory at 0x34dc2b9000 of 28672 bytes failed: Only part of a ReadProcessMemory or WriteProcessMemory request was completed. (0x12B)
[0502/140134.313:ERROR:process_memory_win.cc(73)] ReadMemory at 0x34dc4ba000 of 24576 bytes failed: Only part of a ReadProcessMemory or WriteProcessMemory request was completed. (0x12B)
[0502/140134.314:ERROR:process_memory_win.cc(73)] ReadMemory at 0x34dd01d000 of 12288 bytes failed: Only part of a ReadProcessMemory or WriteProcessMemory request was completed. (0x12B)
[0502/140134.314:ERROR:process_memory_win.cc(73)] ReadMemory at 0x34e055a000 of 24576 bytes failed: Only part of a ReadProcessMemory or WriteProcessMemory request was completed. (0x12B)
[0502/140134.314:ERROR:process_memory_win.cc(73)] ReadMemory at 0x34dfafd000 of 12288 bytes failed: Only part of a ReadProcessMemory or WriteProcessMemory request was completed. (0x12B)
[0502/140134.314:ERROR:process_memory_win.cc(73)] ReadMemory at 0x34db2bd000 of 12288 bytes failed: Only part of a ReadProcessMemory or WriteProcessMemory request was completed. (0x12B)
[0502/140134.314:ERROR:process_memory_win.cc(73)] ReadMemory at 0x34e021d000 of 12288 bytes failed: Only part of a ReadProcessMemory or WriteProcessMemory request was completed. (0x12B)
[0502/140134.314:ERROR:process_memory_win.cc(73)] ReadMemory at 0x34e086d000 of 12288 bytes failed: Only part of a ReadProcessMemory or WriteProcessMemory request was completed. (0x12B)
[0502/140134.314:ERROR:process_memory_win.cc(73)] ReadMemory at 0x34e0a6e000 of 8192 bytes failed: Only part of a ReadProcessMemory or WriteProcessMemory request was completed. (0x12B)
[0502/140134.314:ERROR:process_memory_win.cc(73)] ReadMemory at 0x34d8b30750 of 62 bytes failed: Only part of a ReadProcessMemory or WriteProcessMemory request was completed. (0x12B)
[0502/140134.315:ERROR:process_memory_win.cc(73)] ReadMemory at 0x34d8b307d0 of 58 bytes failed: Only part of a ReadProcessMemory or WriteProcessMemory request was completed. (0x12B)
[0502/140134.315:ERROR:process_memory_win.cc(73)] ReadMemory at 0x34d8b30860 of 15198 bytes failed: Only part of a ReadProcessMemory or WriteProcessMemory request was completed. (0x12B)
[0502/140134.315:ERROR:process_memory_win.cc(73)] ReadMemory at 0x34d8b343d0 of 1012 bytes failed: Only part of a ReadProcessMemory or WriteProcessMemory request was completed. (0x12B)
[0502/140134.315:ERROR:process_memory_win.cc(73)] ReadMemory at 0x34d8b349e8 of 118 bytes failed: Only part of a ReadProcessMemory or WriteProcessMemory request was completed. (0x12B)
[0502/140134.315:ERROR:process_memory_win.cc(73)] ReadMemory at 0x34d8b34a60 of 966 bytes failed: Only part of a ReadProcessMemory or WriteProcessMemory request was completed. (0x12B)
[0502/140134.315:ERROR:process_memory_win.cc(73)] ReadMemory at 0x34d8b34e28 of 118 bytes failed: Only part of a ReadProcessMemory or WriteProcessMemory request was completed. (0x12B)
[0502/140134.315:ERROR:process_memory_win.cc(73)] ReadMemory at 0x34d8b34ea0 of 96 bytes failed: Only part of a ReadProcessMemory or WriteProcessMemory request was completed. (0x12B)
[0502/140134.315:ERROR:process_memory_win.cc(73)] ReadMemory at 0x34d8b34f10 of 58 bytes failed: Only part of a ReadProcessMemory or WriteProcessMemory request was completed. (0x12B)
[0502/140134.315:ERROR:process_memory_win.cc(73)] ReadMemory at 0x34d8b35010 of 132 bytes failed: Only part of a ReadProcessMemory or WriteProcessMemory request was completed. (0x12B)
[0502/140134.315:ERROR:process_memory_win.cc(73)] ReadMemory at 0x34d8b35190 of 132 bytes failed: Only part of a ReadProcessMemory or WriteProcessMemory request was completed. (0x12B)
[0502/140134.316:ERROR:process_memory_win.cc(73)] ReadMemory at 0x34d8b353a0 of 126 bytes failed: Only part of a ReadProcessMemory or WriteProcessMemory request was completed. (0x12B)
[0502/140134.316:ERROR:process_memory_win.cc(73)] ReadMemory at 0x34d8b35690 of 64 bytes failed: Only part of a ReadProcessMemory or WriteProcessMemory request was completed. (0x12B)
[0502/140134.316:ERROR:process_memory_win.cc(73)] ReadMemory at 0x34d8b356e0 of 132 bytes failed: Only part of a ReadProcessMemory or WriteProcessMemory request was completed. (0x12B)
[0502/140134.316:ERROR:process_memory_win.cc(73)] ReadMemory at 0x34d8b35a50 of 68 bytes failed: Only part of a ReadProcessMemory or WriteProcessMemory request was completed. (0x12B)
[0502/140134.316:ERROR:process_memory_win.cc(73)] ReadMemory at 0x34d8b35aa0 of 132 bytes failed: Only part of a ReadProcessMemory or WriteProcessMemory request was completed. (0x12B)
[0502/140134.316:ERROR:process_memory_win.cc(73)] ReadMemory at 0x34d8b36860 of 154 bytes failed: Only part of a ReadProcessMemory or WriteProcessMemory request was completed. (0x12B)
[0502/140134.316:ERROR:process_memory_win.cc(73)] ReadMemory at 0x34d8b36910 of 132 bytes failed: Only part of a ReadProcessMemory or WriteProcessMemory request was completed. (0x12B)
[0502/140134.316:ERROR:process_memory_win.cc(73)] ReadMemory at 0x34d8b36a30 of 62 bytes failed: Only part of a ReadProcessMemory or WriteProcessMemory request was completed. (0x12B)
[0502/140134.316:ERROR:process_memory_win.cc(73)] ReadMemory at 0x34d8b36a80 of 132 bytes failed: Only part of a ReadProcessMemory or WriteProcessMemory request was completed. (0x12B)
[0502/140134.316:ERROR:process_memory_win.cc(73)] ReadMemory at 0x34d8b36c90 of 64 bytes failed: Only part of a ReadProcessMemory or WriteProcessMemory request was completed. (0x12B)
[0502/140134.316:ERROR:process_memory_win.cc(73)] ReadMemory at 0x34d8b36ce0 of 132 bytes failed: Only part of a ReadProcessMemory or WriteProcessMemory request was completed. (0x12B)
[0502/140134.317:ERROR:process_memory_win.cc(73)] ReadMemory at 0x34d8b36ef0 of 60 bytes failed: Only part of a ReadProcessMemory or WriteProcessMemory request was completed. (0x12B)
[0502/140134.317:ERROR:process_memory_win.cc(73)] ReadMemory at 0x34d8b36f40 of 132 bytes failed: Only part of a ReadProcessMemory or WriteProcessMemory request was completed. (0x12B)
[0502/140134.317:ERROR:process_memory_win.cc(73)] ReadMemory at 0x34d8b37220 of 62 bytes failed: Only part of a ReadProcessMemory or WriteProcessMemory request was completed. (0x12B)
[0502/140134.317:ERROR:process_memory_win.cc(73)] ReadMemory at 0x34d8b37270 of 132 bytes failed: Only part of a ReadProcessMemory or WriteProcessMemory request was completed. (0x12B)
[0502/140134.317:ERROR:process_memory_win.cc(73)] ReadMemory at 0x34d8b37390 of 132 bytes failed: Only part of a ReadProcessMemory or WriteProcessMemory request was completed. (0x12B)
[0502/140134.317:ERROR:process_memory_win.cc(73)] ReadMemory at 0x34d8b374b0 of 132 bytes failed: Only part of a ReadProcessMemory or WriteProcessMemory request was completed. (0x12B)
[0502/140134.317:ERROR:process_memory_win.cc(73)] ReadMemory at 0x34d8b376d0 of 62 bytes failed: Only part of a ReadProcessMemory or WriteProcessMemory request was completed. (0x12B)
[0502/140134.317:ERROR:process_memory_win.cc(73)] ReadMemory at 0x34d8b37720 of 132 bytes failed: Only part of a ReadProcessMemory or WriteProcessMemory request was completed. (0x12B)
[0502/140134.317:ERROR:process_memory_win.cc(73)] ReadMemory at 0x34d8b3bb20 of 60 bytes failed: Only part of a ReadProcessMemory or WriteProcessMemory request was completed. (0x12B)
[0502/140134.317:ERROR:process_memory_win.cc(73)] ReadMemory at 0x34d8b3bb70 of 132 bytes failed: Only part of a ReadProcessMemory or WriteProcessMemory request was completed. (0x12B)
[0502/140134.317:ERROR:process_memory_win.cc(73)] ReadMemory at 0x34d8b3bd10 of 62 bytes failed: Only part of a ReadProcessMemory or WriteProcessMemory request was completed. (0x12B)
[0502/140134.318:ERROR:process_memory_win.cc(73)] ReadMemory at 0x34d8b3be00 of 58 bytes failed: Only part of a ReadProcessMemory or WriteProcessMemory request was completed. (0x12B)
[0502/140134.318:ERROR:process_memory_win.cc(73)] ReadMemory at 0x34d8b3bef0 of 58 bytes failed: Only part of a ReadProcessMemory or WriteProcessMemory request was completed. (0x12B)
[0502/140134.318:ERROR:process_memory_win.cc(73)] ReadMemory at 0x34d8b3bf40 of 64 bytes failed: Only part of a ReadProcessMemory or WriteProcessMemory request was completed. (0x12B)
[0502/140134.318:ERROR:process_memory_win.cc(73)] ReadMemory at 0x34d8b3bfe0 of 62 bytes failed: Only part of a ReadProcessMemory or WriteProcessMemory request was completed. (0x12B)
[0502/140134.318:ERROR:process_memory_win.cc(73)] ReadMemory at 0x34d8b3c030 of 66 bytes failed: Only part of a ReadProcessMemory or WriteProcessMemory request was completed. (0x12B)
[0502/140134.318:ERROR:process_memory_win.cc(73)] ReadMemory at 0x34d8b3c080 of 62 bytes failed: Only part of a ReadProcessMemory or WriteProcessMemory request was completed. (0x12B)
[0502/140134.318:ERROR:process_memory_win.cc(73)] ReadMemory at 0x34d8b3c120 of 66 bytes failed: Only part of a ReadProcessMemory or WriteProcessMemory request was completed. (0x12B)
[0502/140134.318:ERROR:process_memory_win.cc(73)] ReadMemory at 0x34d8b3c170 of 60 bytes failed: Only part of a ReadProcessMemory or WriteProcessMemory request was completed. (0x12B)
[0502/140134.318:ERROR:process_memory_win.cc(73)] ReadMemory at 0x34d8b3c210 of 60 bytes failed: Only part of a ReadProcessMemory or WriteProcessMemory request was completed. (0x12B)
[0502/140134.318:ERROR:process_memory_win.cc(73)] ReadMemory at 0x34d8b3c2b0 of 58 bytes failed: Only part of a ReadProcessMemory or WriteProcessMemory request was completed. (0x12B)
[0502/140134.318:ERROR:process_memory_win.cc(73)] ReadMemory at 0x34d8b3c440 of 62 bytes failed: Only part of a ReadProcessMemory or WriteProcessMemory request was completed. (0x12B)
[0502/140134.319:ERROR:process_memory_win.cc(73)] ReadMemory at 0x34d8b3c4d0 of 132 bytes failed: Only part of a ReadProcessMemory or WriteProcessMemory request was completed. (0x12B)
[0502/140134.319:ERROR:process_memory_win.cc(73)] ReadMemory at 0x34d8b3c680 of 132 bytes failed: Only part of a ReadProcessMemory or WriteProcessMemory request was completed. (0x12B)
[0502/140134.319:ERROR:process_memory_win.cc(73)] ReadMemory at 0x34d8b3cbb0 of 158 bytes failed: Only part of a ReadProcessMemory or WriteProcessMemory request was completed. (0x12B)
[0502/140134.319:ERROR:process_memory_win.cc(73)] ReadMemory at 0x34d8b3cc70 of 132 bytes failed: Only part of a ReadProcessMemory or WriteProcessMemory request was completed. (0x12B)
[0502/140134.319:ERROR:process_memory_win.cc(73)] ReadMemory at 0x34d8b3cd90 of 132 bytes failed: Only part of a ReadProcessMemory or WriteProcessMemory request was completed. (0x12B)
[0502/140134.319:ERROR:process_memory_win.cc(73)] ReadMemory at 0x34d8b3e280 of 132 bytes failed: Only part of a ReadProcessMemory or WriteProcessMemory request was completed. (0x12B)
[0502/140134.319:ERROR:process_memory_win.cc(73)] ReadMemory at 0x34d8b3e3a0 of 132 bytes failed: Only part of a ReadProcessMemory or WriteProcessMemory request was completed. (0x12B)
[0502/140134.319:ERROR:process_memory_win.cc(73)] ReadMemory at 0x34d8b3e4c0 of 132 bytes failed: Only part of a ReadProcessMemory or WriteProcessMemory request was completed. (0x12B)
[0502/140134.319:ERROR:process_memory_win.cc(73)] ReadMemory at 0x34d8b3e5e0 of 132 bytes failed: Only part of a ReadProcessMemory or WriteProcessMemory request was completed. (0x12B)
[0502/140134.319:ERROR:process_memory_win.cc(73)] ReadMemory at 0x34d8b3e700 of 132 bytes failed: Only part of a ReadProcessMemory or WriteProcessMemory request was completed. (0x12B)
[0502/140134.319:ERROR:process_memory_win.cc(73)] ReadMemory at 0x34d8b3e820 of 132 bytes failed: Only part of a ReadProcessMemory or WriteProcessMemory request was completed. (0x12B)
[0502/140134.320:ERROR:process_memory_win.cc(73)] ReadMemory at 0x34d8b3e940 of 132 bytes failed: Only part of a ReadProcessMemory or WriteProcessMemory request was completed. (0x12B)
[0502/140134.320:ERROR:process_memory_win.cc(73)] ReadMemory at 0x34d8b3ea60 of 132 bytes failed: Only part of a ReadProcessMemory or WriteProcessMemory request was completed. (0x12B)
[0502/140134.320:ERROR:process_memory_win.cc(73)] ReadMemory at 0x34d8b3eb80 of 132 bytes failed: Only part of a ReadProcessMemory or WriteProcessMemory request was completed. (0x12B)
[0502/140134.320:ERROR:process_memory_win.cc(73)] ReadMemory at 0x34d8b3eca0 of 132 bytes failed: Only part of a ReadProcessMemory or WriteProcessMemory request was completed. (0x12B)
[0502/140134.320:ERROR:process_memory_win.cc(73)] ReadMemory at 0x34d8b3edc0 of 132 bytes failed: Only part of a ReadProcessMemory or WriteProcessMemory request was completed. (0x12B)
[0502/140134.320:ERROR:process_memory_win.cc(73)] ReadMemory at 0x34d8b3eee0 of 132 bytes failed: Only part of a ReadProcessMemory or WriteProcessMemory request was completed. (0x12B)
[0502/140134.320:ERROR:process_memory_win.cc(73)] ReadMemory at 0x34d8b3f000 of 132 bytes failed: Only part of a ReadProcessMemory or WriteProcessMemory request was completed. (0x12B)
[0502/140134.320:ERROR:process_memory_win.cc(73)] ReadMemory at 0x34d8b3fd20 of 54 bytes failed: Only part of a ReadProcessMemory or WriteProcessMemory request was completed. (0x12B)
[0502/140134.320:ERROR:process_memory_win.cc(73)] ReadMemory at 0x34d8b40920 of 80 bytes failed: Only part of a ReadProcessMemory or WriteProcessMemory request was completed. (0x12B)
[0502/140134.320:ERROR:process_memory_win.cc(73)] ReadMemory at 0x34d8b40a40 of 80 bytes failed: Only part of a ReadProcessMemory or WriteProcessMemory request was completed. (0x12B)
[0502/140134.320:ERROR:process_memory_win.cc(73)] ReadMemory at 0x34d8b43050 of 60 bytes failed: Only part of a ReadProcessMemory or WriteProcessMemory request was completed. (0x12B)
[0502/140134.321:ERROR:process_memory_win.cc(73)] ReadMemory at 0x34d8b43230 of 64 bytes failed: Only part of a ReadProcessMemory or WriteProcessMemory request was completed. (0x12B)
[0502/140134.321:ERROR:process_memory_win.cc(73)] ReadMemory at 0x34d8b43280 of 60 bytes failed: Only part of a ReadProcessMemory or WriteProcessMemory request was completed. (0x12B)
[0502/140134.321:ERROR:process_memory_win.cc(73)] ReadMemory at 0x34d8b43370 of 58 bytes failed: Only part of a ReadProcessMemory or WriteProcessMemory request was completed. (0x12B)
[0502/140134.321:ERROR:process_memory_win.cc(73)] ReadMemory at 0x34d8b433c0 of 60 bytes failed: Only part of a ReadProcessMemory or WriteProcessMemory request was completed. (0x12B)
[0502/140134.321:ERROR:process_memory_win.cc(73)] ReadMemory at 0x34d8b43410 of 56 bytes failed: Only part of a ReadProcessMemory or WriteProcessMemory request was completed. (0x12B)
[0502/140134.321:ERROR:process_memory_win.cc(73)] ReadMemory at 0x34d8b43460 of 64 bytes failed: Only part of a ReadProcessMemory or WriteProcessMemory request was completed. (0x12B)
[0502/140134.321:ERROR:process_memory_win.cc(73)] ReadMemory at 0x34d8b434b0 of 64 bytes failed: Only part of a ReadProcessMemory or WriteProcessMemory request was completed. (0x12B)
[0502/140134.321:ERROR:process_memory_win.cc(73)] ReadMemory at 0x34d8b43500 of 62 bytes failed: Only part of a ReadProcessMemory or WriteProcessMemory request was completed. (0x12B)
[0502/140134.321:ERROR:process_memory_win.cc(73)] ReadMemory at 0x34d8b43640 of 64 bytes failed: Only part of a ReadProcessMemory or WriteProcessMemory request was completed. (0x12B)
[0502/140134.321:ERROR:process_memory_win.cc(73)] ReadMemory at 0x34d8b436e0 of 60 bytes failed: Only part of a ReadProcessMemory or WriteProcessMemory request was completed. (0x12B)
[0502/140134.321:ERROR:process_memory_win.cc(73)] ReadMemory at 0x34d8b43960 of 60 bytes failed: Only part of a ReadProcessMemory or WriteProcessMemory request was completed. (0x12B)
[0502/140134.322:ERROR:process_memory_win.cc(73)] ReadMemory at 0x34d8b43a50 of 64 bytes failed: Only part of a ReadProcessMemory or WriteProcessMemory request was completed. (0x12B)
[0502/140134.322:ERROR:process_memory_win.cc(73)] ReadMemory at 0x34d8b43af0 of 64 bytes failed: Only part of a ReadProcessMemory or WriteProcessMemory request was completed. (0x12B)
[0502/140134.322:ERROR:process_memory_win.cc(73)] ReadMemory at 0x34d8b43b90 of 60 bytes failed: Only part of a ReadProcessMemory or WriteProcessMemory request was completed. (0x12B)
[0502/140134.322:ERROR:process_memory_win.cc(73)] ReadMemory at 0x34d8b43c30 of 60 bytes failed: Only part of a ReadProcessMemory or WriteProcessMemory request was completed. (0x12B)
[0502/140134.322:ERROR:process_memory_win.cc(73)] ReadMemory at 0x34d8b43c80 of 64 bytes failed: Only part of a ReadProcessMemory or WriteProcessMemory request was completed. (0x12B)
[0502/140134.322:ERROR:process_memory_win.cc(73)] ReadMemory at 0x34d8b43cd0 of 62 bytes failed: Only part of a ReadProcessMemory or WriteProcessMemory request was completed. (0x12B)
[0502/140134.322:ERROR:process_memory_win.cc(73)] ReadMemory at 0x34d8b43d20 of 58 bytes failed: Only part of a ReadProcessMemory or WriteProcessMemory request was completed. (0x12B)
[0502/140134.322:ERROR:process_memory_win.cc(73)] ReadMemory at 0x34d8b43d70 of 62 bytes failed: Only part of a ReadProcessMemory or WriteProcessMemory request was completed. (0x12B)
[0502/140134.322:ERROR:process_memory_win.cc(73)] ReadMemory at 0x34d8b43dc0 of 64 bytes failed: Only part of a ReadProcessMemory or WriteProcessMemory request was completed. (0x12B)
[0502/140134.322:ERROR:process_memory_win.cc(73)] ReadMemory at 0x34d8b43e10 of 62 bytes failed: Only part of a ReadProcessMemory or WriteProcessMemory request was completed. (0x12B)
[0502/140134.322:ERROR:process_memory_win.cc(73)] ReadMemory at 0x34d8b43e60 of 62 bytes failed: Only part of a ReadProcessMemory or WriteProcessMemory request was completed. (0x12B)
[0502/140134.323:ERROR:process_memory_win.cc(73)] ReadMemory at 0x34d8b45480 of 248 bytes failed: Only part of a ReadProcessMemory or WriteProcessMemory request was completed. (0x12B)
[0502/140134.323:ERROR:process_memory_win.cc(73)] ReadMemory at 0x34d8b488a0 of 132 bytes failed: Only part of a ReadProcessMemory or WriteProcessMemory request was completed. (0x12B)
[0502/140134.323:ERROR:process_memory_win.cc(73)] ReadMemory at 0x34d8b489c0 of 132 bytes failed: Only part of a ReadProcessMemory or WriteProcessMemory request was completed. (0x12B)
[0502/140134.323:ERROR:process_memory_win.cc(73)] ReadMemory at 0x34d8b48d20 of 132 bytes failed: Only part of a ReadProcessMemory or WriteProcessMemory request was completed. (0x12B)
[0502/140134.323:ERROR:process_memory_win.cc(73)] ReadMemory at 0x34d8b48e40 of 132 bytes failed: Only part of a ReadProcessMemory or WriteProcessMemory request was completed. (0x12B)
[0502/140134.323:ERROR:process_memory_win.cc(73)] ReadMemory at 0x34d8b48f60 of 132 bytes failed: Only part of a ReadProcessMemory or WriteProcessMemory request was completed. (0x12B)
[0502/140134.323:ERROR:process_memory_win.cc(73)] ReadMemory at 0x34d8b49080 of 132 bytes failed: Only part of a ReadProcessMemory or WriteProcessMemory request was completed. (0x12B)
[0502/140134.323:ERROR:process_memory_win.cc(73)] ReadMemory at 0x34d8b491a0 of 132 bytes failed: Only part of a ReadProcessMemory or WriteProcessMemory request was completed. (0x12B)
[0502/140134.323:ERROR:process_memory_win.cc(73)] ReadMemory at 0x34d8b492c0 of 132 bytes failed: Only part of a ReadProcessMemory or WriteProcessMemory request was completed. (0x12B)
[0502/140134.323:ERROR:process_memory_win.cc(73)] ReadMemory at 0x34d8b493e0 of 132 bytes failed: Only part of a ReadProcessMemory or WriteProcessMemory request was completed. (0x12B)
[0502/140134.323:ERROR:process_memory_win.cc(73)] ReadMemory at 0x34d8b49500 of 132 bytes failed: Only part of a ReadProcessMemory or WriteProcessMemory request was completed. (0x12B)
[0502/140134.324:ERROR:process_memory_win.cc(73)] ReadMemory at 0x34d8b49620 of 132 bytes failed: Only part of a ReadProcessMemory or WriteProcessMemory request was completed. (0x12B)
[0502/140134.324:ERROR:process_memory_win.cc(73)] ReadMemory at 0x34d8b49740 of 132 bytes failed: Only part of a ReadProcessMemory or WriteProcessMemory request was completed. (0x12B)
[0502/140134.324:ERROR:process_memory_win.cc(73)] ReadMemory at 0x34d8b49860 of 132 bytes failed: Only part of a ReadProcessMemory or WriteProcessMemory request was completed. (0x12B)
[0502/140134.324:ERROR:process_memory_win.cc(73)] ReadMemory at 0x34d8b49980 of 132 bytes failed: Only part of a ReadProcessMemory or WriteProcessMemory request was completed. (0x12B)
[0502/140134.324:ERROR:process_memory_win.cc(73)] ReadMemory at 0x34d8b49aa0 of 132 bytes failed: Only part of a ReadProcessMemory or WriteProcessMemory request was completed. (0x12B)
[0502/140134.324:ERROR:process_memory_win.cc(73)] ReadMemory at 0x34d8b49bc0 of 132 bytes failed: Only part of a ReadProcessMemory or WriteProcessMemory request was completed. (0x12B)
[0502/140134.324:ERROR:process_memory_win.cc(73)] ReadMemory at 0x34d8b49ce0 of 132 bytes failed: Only part of a ReadProcessMemory or WriteProcessMemory request was completed. (0x12B)
[0502/140134.324:ERROR:process_memory_win.cc(73)] ReadMemory at 0x34d8b49e00 of 132 bytes failed: Only part of a ReadProcessMemory or WriteProcessMemory request was completed. (0x12B)
[0502/140134.324:ERROR:process_memory_win.cc(73)] ReadMemory at 0x34d8b49f20 of 132 bytes failed: Only part of a ReadProcessMemory or WriteProcessMemory request was completed. (0x12B)
[0502/140134.324:ERROR:process_memory_win.cc(73)] ReadMemory at 0x34d8b4a160 of 132 bytes failed: Only part of a ReadProcessMemory or WriteProcessMemory request was completed. (0x12B)
[0502/140134.324:ERROR:process_memory_win.cc(73)] ReadMemory at 0x34d8b4a280 of 132 bytes failed: Only part of a ReadProcessMemory or WriteProcessMemory request was completed. (0x12B)
[0502/140134.325:ERROR:process_memory_win.cc(73)] ReadMemory at 0x34d8b4a5e0 of 132 bytes failed: Only part of a ReadProcessMemory or WriteProcessMemory request was completed. (0x12B)
[0502/140134.325:ERROR:process_memory_win.cc(73)] ReadMemory at 0x34d8b4a700 of 132 bytes failed: Only part of a ReadProcessMemory or WriteProcessMemory request was completed. (0x12B)
[0502/140134.325:ERROR:process_memory_win.cc(73)] ReadMemory at 0x34d8b52d00 of 896 bytes failed: Only part of a ReadProcessMemory or WriteProcessMemory request was completed. (0x12B)
[0502/140134.325:ERROR:process_memory_win.cc(73)] ReadMemory at 0x34d8b53650 of 512 bytes failed: Only part of a ReadProcessMemory or WriteProcessMemory request was completed. (0x12B)
[0502/140134.325:ERROR:process_memory_win.cc(73)] ReadMemory at 0x34d921f230 of 512 bytes failed: Only part of a ReadProcessMemory or WriteProcessMemory request was completed. (0x12B)
[0502/140134.325:ERROR:process_memory_win.cc(73)] ReadMemory at 0x34d9237f80 of 696 bytes failed: Only part of a ReadProcessMemory or WriteProcessMemory request was completed. (0x12B)
[0502/140134.325:ERROR:process_memory_win.cc(73)] ReadMemory at 0x34d9239080 of 512 bytes failed: Only part of a ReadProcessMemory or WriteProcessMemory request was completed. (0x12B)
[0502/140134.325:ERROR:process_memory_win.cc(73)] ReadMemory at 0x34d9264cd0 of 512 bytes failed: Only part of a ReadProcessMemory or WriteProcessMemory request was completed. (0x12B)
[0502/140134.325:ERROR:process_memory_win.cc(73)] ReadMemory at 0x34d9269810 of 512 bytes failed: Only part of a ReadProcessMemory or WriteProcessMemory request was completed. (0x12B)
[0502/140134.325:ERROR:process_memory_win.cc(73)] ReadMemory at 0x34d926a020 of 512 bytes failed: Only part of a ReadProcessMemory or WriteProcessMemory request was completed. (0x12B)
[0502/140134.326:ERROR:process_memory_win.cc(73)] ReadMemory at 0x34d92a18e0 of 512 bytes failed: Only part of a ReadProcessMemory or WriteProcessMemory request was completed. (0x12B)
[0502/140134.326:ERROR:process_memory_win.cc(73)] ReadMemory at 0x34d92ce9e0 of 512 bytes failed: Only part of a ReadProcessMemory or WriteProcessMemory request was completed. (0x12B)
[0502/140134.326:ERROR:process_memory_win.cc(73)] ReadMemory at 0x34dca37270 of 512 bytes failed: Only part of a ReadProcessMemory or WriteProcessMemory request was completed. (0x12B)
[0502/140134.326:ERROR:process_memory_win.cc(73)] ReadMemory at 0x34dca40da0 of 512 bytes failed: Only part of a ReadProcessMemory or WriteProcessMemory request was completed. (0x12B)
[0502/140134.326:ERROR:process_memory_win.cc(73)] ReadMemory at 0x34dcadf760 of 512 bytes failed: Only part of a ReadProcessMemory or WriteProcessMemory request was completed. (0x12B)
[0502/140134.326:ERROR:process_memory_win.cc(73)] ReadMemory at 0x34dcb6b390 of 512 bytes failed: Only part of a ReadProcessMemory or WriteProcessMemory request was completed. (0x12B)
[0502/140134.356:ERROR:process_memory_win.cc(73)] ReadMemory at 0x34dd870078 of 512 bytes failed: Only part of a ReadProcessMemory or WriteProcessMemory request was completed. (0x12B)
[0502/140134.356:ERROR:process_memory_win.cc(73)] ReadMemory at 0x34dec532b0 of 512 bytes failed: Only part of a ReadProcessMemory or WriteProcessMemory request was completed. (0x12B)
[0502/140134.356:ERROR:process_memory_win.cc(73)] ReadMemory at 0x34e1db6500 of 512 bytes failed: Only part of a ReadProcessMemory or WriteProcessMemory request was completed. (0x12B)
[0502/140134.356:ERROR:process_memory_win.cc(73)] ReadMemory at 0x34e1f68160 of 512 bytes failed: Only part of a ReadProcessMemory or WriteProcessMemory request was completed. (0x12B)
[0502/140134.356:ERROR:process_memory_win.cc(73)] ReadMemory at 0x34e7f87560 of 512 bytes failed: Only part of a ReadProcessMemory or WriteProcessMemory request was completed. (0x12B)
[0502/140134.356:ERROR:process_memory_win.cc(73)] ReadMemory at 0x11a7bcb37020 of 513 bytes failed: Only part of a ReadProcessMemory or WriteProcessMemory request was completed. (0x12B)
[0502/140134.356:ERROR:process_memory_win.cc(73)] ReadMemory at 0x23ea0d2a4848 of 513 bytes failed: Only part of a ReadProcessMemory or WriteProcessMemory request was completed. (0x12B)
[0502/140134.356:ERROR:process_memory_win.cc(73)] ReadMemory at 0x28b0c5ef3060 of 513 bytes failed: Only part of a ReadProcessMemory or WriteProcessMemory request was completed. (0x12B)
[0502/140134.356:ERROR:process_memory_win.cc(73)] ReadMemory at 0x3bee560fcdb0 of 512 bytes failed: Only part of a ReadProcessMemory or WriteProcessMemory request was completed. (0x12B)
[0502/140134.356:ERROR:process_memory_win.cc(73)] ReadMemory at 0x50562db80080 of 512 bytes failed: Only part of a ReadProcessMemory or WriteProcessMemory request was completed. (0x12B)
[0502/140134.357:ERROR:process_memory_win.cc(73)] ReadMemory at 0x50562dbfff81 of 127 bytes failed: Only part of a ReadProcessMemory or WriteProcessMemory request was completed. (0x12B)
[0502/140134.357:ERROR:process_memory_win.cc(73)] ReadMemory at 0x609fd2050840 of 512 bytes failed: Only part of a ReadProcessMemory or WriteProcessMemory request was completed. (0x12B)
[0502/140134.357:ERROR:process_memory_win.cc(73)] ReadMemory at 0x635c977fe950 of 512 bytes failed: Only part of a ReadProcessMemory or WriteProcessMemory request was completed. (0x12B)
[0502/140134.357:ERROR:process_memory_win.cc(73)] ReadMemory at 0x6eb4a673b1b0 of 512 bytes failed: Only part of a ReadProcessMemory or WriteProcessMemory request was completed. (0x12B)
[0502/140134.357:ERROR:process_memory_win.cc(73)] ReadMemory at 0x6eb4a67a1000 of 384 bytes failed: Only part of a ReadProcessMemory or WriteProcessMemory request was completed. (0x12B)
[0502/140134.357:ERROR:process_memory_win.cc(73)] ReadMemory at 0x71534a8d58f0 of 512 bytes failed: Only part of a ReadProcessMemory or WriteProcessMemory request was completed. (0x12B)
[0502/140134.357:ERROR:process_memory_win.cc(73)] ReadMemory at 0x7995bec01000 of 384 bytes failed: Only part of a ReadProcessMemory or WriteProcessMemory request was completed. (0x12B)
[0502/140134.357:ERROR:process_memory_win.cc(73)] ReadMemory at 0x7ff744358000 of 6024 bytes failed: Only part of a ReadProcessMemory or WriteProcessMemory request was completed. (0x12B)
[0502/140134.357:ERROR:process_memory_win.cc(73)] ReadMemory at 0x7ff74435a000 of 6024 bytes failed: Only part of a ReadProcessMemory or WriteProcessMemory request was completed. (0x12B)
[0502/140134.357:ERROR:process_memory_win.cc(73)] ReadMemory at 0x7ff74435c000 of 6024 bytes failed: Only part of a ReadProcessMemory or WriteProcessMemory request was completed. (0x12B)
[0502/140134.358:ERROR:process_memory_win.cc(73)] ReadMemory at 0x7ff74435e000 of 6024 bytes failed: Only part of a ReadProcessMemory or WriteProcessMemory request was completed. (0x12B)
[0502/140134.358:ERROR:process_memory_win.cc(73)] ReadMemory at 0x7ff744360000 of 6024 bytes failed: Only part of a ReadProcessMemory or WriteProcessMemory request was completed. (0x12B)
[0502/140134.358:ERROR:process_memory_win.cc(73)] ReadMemory at 0x7ff744362000 of 6024 bytes failed: Only part of a ReadProcessMemory or WriteProcessMemory request was completed. (0x12B)
[0502/140134.358:ERROR:process_memory_win.cc(73)] ReadMemory at 0x7ff744364000 of 6024 bytes failed: Only part of a ReadProcessMemory or WriteProcessMemory request was completed. (0x12B)
[0502/140134.358:ERROR:process_memory_win.cc(73)] ReadMemory at 0x7ff744366000 of 6024 bytes failed: Only part of a ReadProcessMemory or WriteProcessMemory request was completed. (0x12B)
[0502/140134.359:ERROR:process_memory_win.cc(73)] ReadMemory at 0x7ff744368000 of 6024 bytes failed: Only part of a ReadProcessMemory or WriteProcessMemory request was completed. (0x12B)
[0502/140134.359:ERROR:process_memory_win.cc(73)] ReadMemory at 0x7ff74436a000 of 6024 bytes failed: Only part of a ReadProcessMemory or WriteProcessMemory request was completed. (0x12B)
[0502/140134.359:ERROR:process_memory_win.cc(73)] ReadMemory at 0x7ff74436c000 of 6024 bytes failed: Only part of a ReadProcessMemory or WriteProcessMemory request was completed. (0x12B)
[0502/140134.359:ERROR:process_memory_win.cc(73)] ReadMemory at 0x7ff74436e000 of 6024 bytes failed: Only part of a ReadProcessMemory or WriteProcessMemory request was completed. (0x12B)
[0502/140134.359:ERROR:process_memory_win.cc(73)] ReadMemory at 0x7ff744494000 of 6024 bytes failed: Only part of a ReadProcessMemory or WriteProcessMemory request was completed. (0x12B)
[0502/140134.359:ERROR:process_memory_win.cc(73)] ReadMemory at 0x7ff744496000 of 6024 bytes failed: Only part of a ReadProcessMemory or WriteProcessMemory request was completed. (0x12B)
[0502/140134.359:ERROR:process_memory_win.cc(73)] ReadMemory at 0x7ff744498000 of 6024 bytes failed: Only part of a ReadProcessMemory or WriteProcessMemory request was completed. (0x12B)
[0502/140134.359:ERROR:process_memory_win.cc(73)] ReadMemory at 0x7ff74449a000 of 6024 bytes failed: Only part of a ReadProcessMemory or WriteProcessMemory request was completed. (0x12B)
[0502/140134.360:ERROR:process_memory_win.cc(73)] ReadMemory at 0x7ff74449c000 of 6024 bytes failed: Only part of a ReadProcessMemory or WriteProcessMemory request was completed. (0x12B)
[0502/140134.360:ERROR:process_memory_win.cc(73)] ReadMemory at 0x7ff74449e000 of 852 bytes failed: Only part of a ReadProcessMemory or WriteProcessMemory request was completed. (0x12B)
[0502/140134.360:ERROR:process_memory_win.cc(73)] ReadMemory at 0x7ffefa4bb9d3 of 512 bytes failed: Only part of a ReadProcessMemory or WriteProcessMemory request was completed. (0x12B)
[0502/140134.360:ERROR:process_memory_win.cc(73)] ReadMemory at 0x7ffefa5c8ebc of 512 bytes failed: Only part of a ReadProcessMemory or WriteProcessMemory request was completed. (0x12B)
[0502/140134.360:ERROR:process_memory_win.cc(73)] ReadMemory at 0x7ffefe4dfac8 of 512 bytes failed: Only part of a ReadProcessMemory or WriteProcessMemory request was completed. (0x12B)
[0502/140134.360:ERROR:process_memory_win.cc(73)] ReadMemory at 0x7fff07ade6ee of 512 bytes failed: Only part of a ReadProcessMemory or WriteProcessMemory request was completed. (0x12B)
[0502/140134.360:ERROR:process_memory_win.cc(73)] ReadMemory at 0x7fff07adf888 of 512 bytes failed: Only part of a ReadProcessMemory or WriteProcessMemory request was completed. (0x12B)
[0502/140134.360:ERROR:process_memory_win.cc(73)] ReadMemory at 0x7fff270e0fb0 of 512 bytes failed: Only part of a ReadProcessMemory or WriteProcessMemory request was completed. (0x12B)
[0502/140134.360:ERROR:process_memory_win.cc(73)] ReadMemory at 0x7fff27b295e0 of 18 bytes failed: Only part of a ReadProcessMemory or WriteProcessMemory request was completed. (0x12B)
[0502/140134.360:ERROR:process_memory_win.cc(73)] ReadMemory at 0x7fff27b3c4f0 of 512 bytes failed: Only part of a ReadProcessMemory or WriteProcessMemory request was completed. (0x12B)
[0502/140134.361:ERROR:process_memory_win.cc(73)] ReadMemory at 0x7fff27b5acd0 of 512 bytes failed: Only part of a ReadProcessMemory or WriteProcessMemory request was completed. (0x12B)
[0502/140134.361:ERROR:process_memory_win.cc(73)] ReadMemory at 0x7fff27bb071a of 592 bytes failed: Only part of a ReadProcessMemory or WriteProcessMemory request was completed. (0x12B)
[0502/140134.361:ERROR:process_memory_win.cc(73)] ReadMemory at 0x7fff27bb0c8a of 512 bytes failed: Only part of a ReadProcessMemory or WriteProcessMemory request was completed. (0x12B)
[0502/140134.361:ERROR:process_memory_win.cc(73)] ReadMemory at 0x7fff27bb219a of 560 bytes failed: Only part of a ReadProcessMemory or WriteProcessMemory request was completed. (0x12B)
[0502/140134.361:ERROR:process_memory_win.cc(73)] ReadMemory at 0x7fff27c4e8a8 of 40 bytes failed: Only part of a ReadProcessMemory or WriteProcessMemory request was completed. (0x12B)
[0502/140134.361:ERROR:process_memory_win.cc(73)] ReadMemory at 0x7fff27c4ebe0 of 48 bytes failed: Only part of a ReadProcessMemory or WriteProcessMemory request was completed. (0x12B)
[0502/140134.361:ERROR:process_memory_win.cc(73)] ReadMemory at 0x7fff27c51320 of 64 bytes failed: Only part of a ReadProcessMemory or WriteProcessMemory request was completed. (0x12B)
[0502/140134.365:ERROR:scoped_process_suspend.cc(40)] NtResumeProcess: An attempt was made to access an exiting process. (0xc000010a)
